{
  "stats": {
    "suites": 1,
    "tests": 23,
    "passes": 21,
    "pending": 0,
    "failures": 2,
    "start": "2024-11-10T15:21:49.827Z",
    "end": "2024-11-10T15:22:28.945Z",
    "duration": 39118,
    "testsRegistered": 23,
    "passPercent": 91.30434782608695,
    "pendingPercent": 0,
    "other": 0,
    "hasOther": false,
    "skipped": 0,
    "hasSkipped": false
  },
  "results": [
    {
      "uuid": "2824d95c-6883-4388-89bf-e536f60811ee",
      "title": "",
      "fullFile": "cypress/e2e/homeWork19/registration.cy.js",
      "file": "cypress/e2e/homeWork19/registration.cy.js",
      "beforeHooks": [],
      "afterHooks": [],
      "tests": [],
      "suites": [
        {
          "uuid": "248cb47f-f3b5-42e6-9876-d6142b34ec1f",
          "title": "Registration Tests",
          "fullFile": "",
          "file": "",
          "beforeHooks": [],
          "afterHooks": [],
          "tests": [
            {
              "title": "Simple registration",
              "fullTitle": "Registration Tests Simple registration",
              "timedOut": null,
              "duration": 2797,
              "state": "passed",
              "speed": "fast",
              "pass": true,
              "fail": false,
              "pending": false,
              "context": null,
              "code": "cy.get('#signupName').type('TestName');\ncy.get('#signupLastName').type('TestLastName');\ncy.get('#signupEmail').type(email);\ncy.get('input[name=\"password\"]').type(password);\ncy.get('#signupRepeatPassword').type(password);\ncy.contains('Register').click();",
              "err": {},
              "uuid": "9372c97e-9348-4469-bdc3-11a75d7333af",
              "parentUUID": "248cb47f-f3b5-42e6-9876-d6142b34ec1f",
              "isHook": false,
              "skipped": false
            },
            {
              "title": "Should show an error if Name is empty",
              "fullTitle": "Registration Tests Should show an error if Name is empty",
              "timedOut": null,
              "duration": 889,
              "state": "passed",
              "speed": "fast",
              "pass": true,
              "fail": false,
              "pending": false,
              "context": null,
              "code": "cy.get('#signupName').clear();\ncy.contains('Register').click({\n  force: true\n});\ncy.get('.invalid-feedback p').should('have.text', 'Name required');\ncy.get('#signupName').should('have.css', 'border-color', 'rgb(220, 53, 69)');",
              "err": {},
              "uuid": "d0219562-9d47-4e15-b072-892e83fc60a5",
              "parentUUID": "248cb47f-f3b5-42e6-9876-d6142b34ec1f",
              "isHook": false,
              "skipped": false
            },
            {
              "title": "Should show an error if Name length is less than 2 characters",
              "fullTitle": "Registration Tests Should show an error if Name length is less than 2 characters",
              "timedOut": null,
              "duration": 915,
              "state": "passed",
              "speed": "fast",
              "pass": true,
              "fail": false,
              "pending": false,
              "context": null,
              "code": "cy.get('#signupName').clear().type('A');\ncy.contains('Register').click({\n  force: true\n});\ncy.contains('Name has to be from 2 to 20 characters long').should('be.visible');\ncy.get('#signupName').should('have.css', 'border-color', 'rgb(220, 53, 69)');",
              "err": {},
              "uuid": "dae5c9e7-ef27-4801-972a-e2881fdb8cea",
              "parentUUID": "248cb47f-f3b5-42e6-9876-d6142b34ec1f",
              "isHook": false,
              "skipped": false
            },
            {
              "title": "Should show an error if Name length is more than 20 characters",
              "fullTitle": "Registration Tests Should show an error if Name length is more than 20 characters",
              "timedOut": null,
              "duration": 1233,
              "state": "passed",
              "speed": "fast",
              "pass": true,
              "fail": false,
              "pending": false,
              "context": null,
              "code": "cy.get('#signupName').clear().type('A'.repeat(21));\ncy.contains('Register').click({\n  force: true\n});\ncy.contains('Name has to be from 2 to 20 characters long').should('be.visible');\ncy.get('#signupName').should('have.css', 'border-color', 'rgb(220, 53, 69)');",
              "err": {},
              "uuid": "eb48d3a6-aaf4-4376-894e-13336f581229",
              "parentUUID": "248cb47f-f3b5-42e6-9876-d6142b34ec1f",
              "isHook": false,
              "skipped": false
            },
            {
              "title": "Should show an error if Name contains invalid characters",
              "fullTitle": "Registration Tests Should show an error if Name contains invalid characters",
              "timedOut": null,
              "duration": 1172,
              "state": "passed",
              "speed": "fast",
              "pass": true,
              "fail": false,
              "pending": false,
              "context": null,
              "code": "cy.get('#signupName').clear().type('Invalid@Name!');\ncy.contains('Register').click({\n  force: true\n});\ncy.contains('Name is invalid').should('be.visible');\ncy.get('#signupName').should('have.css', 'border-color', 'rgb(220, 53, 69)');",
              "err": {},
              "uuid": "3934f6dd-9948-4d12-af2d-1620812bc5e9",
              "parentUUID": "248cb47f-f3b5-42e6-9876-d6142b34ec1f",
              "isHook": false,
              "skipped": false
            },
            {
              "title": "Should trim spaces in the Name field after submitting",
              "fullTitle": "Registration Tests Should trim spaces in the Name field after submitting",
              "timedOut": null,
              "duration": 6355,
              "state": "failed",
              "speed": null,
              "pass": false,
              "fail": true,
              "pending": false,
              "context": null,
              "code": "cy.get('#signupName').clear().type('  TestName  ');\ncy.contains('Register').click({\n  force: true\n});\ncy.wait(1000);\ncy.get('#signupName').invoke('val').should('equal', 'TestName');",
              "err": {
                "message": "AssertionError: Timed out retrying after 4000ms: expected '  TestName  ' to equal 'TestName'",
                "estack": "AssertionError: Timed out retrying after 4000ms: expected '  TestName  ' to equal 'TestName'\n    at Context.eval (webpack:///./cypress/e2e/homeWork19/registration.cy.js:68:40)",
                "diff": "- '  TestName  '\n+ 'TestName'\n"
              },
              "uuid": "49b9fff5-4136-4fa9-983e-b249db45a6bf",
              "parentUUID": "248cb47f-f3b5-42e6-9876-d6142b34ec1f",
              "isHook": false,
              "skipped": false
            },
            {
              "title": "Should show an error if Last name length is less than 2 characters",
              "fullTitle": "Registration Tests Should show an error if Last name length is less than 2 characters",
              "timedOut": null,
              "duration": 1291,
              "state": "passed",
              "speed": "fast",
              "pass": true,
              "fail": false,
              "pending": false,
              "context": null,
              "code": "cy.get('#signupLastName').clear().type('A');\ncy.contains('Register').click({\n  force: true\n});\ncy.contains('Last name has to be from 2 to 20 characters long').should('be.visible');\ncy.get('#signupLastName').should('have.css', 'border-color', 'rgb(220, 53, 69)');",
              "err": {},
              "uuid": "0293db4c-57d5-44fe-840a-737e18e328db",
              "parentUUID": "248cb47f-f3b5-42e6-9876-d6142b34ec1f",
              "isHook": false,
              "skipped": false
            },
            {
              "title": "Should show an error if Last name length is more than 20 characters",
              "fullTitle": "Registration Tests Should show an error if Last name length is more than 20 characters",
              "timedOut": null,
              "duration": 1308,
              "state": "passed",
              "speed": "fast",
              "pass": true,
              "fail": false,
              "pending": false,
              "context": null,
              "code": "cy.get('#signupLastName').clear().type('A'.repeat(21));\ncy.contains('Register').click({\n  force: true\n});\ncy.contains('Last name has to be from 2 to 20 characters long').should('be.visible');\ncy.get('#signupLastName').should('have.css', 'border-color', 'rgb(220, 53, 69)');",
              "err": {},
              "uuid": "e5bbb330-4f53-4647-aa10-831e0ab8b45c",
              "parentUUID": "248cb47f-f3b5-42e6-9876-d6142b34ec1f",
              "isHook": false,
              "skipped": false
            },
            {
              "title": "Should show an error if Last name contains invalid characters",
              "fullTitle": "Registration Tests Should show an error if Last name contains invalid characters",
              "timedOut": null,
              "duration": 1189,
              "state": "passed",
              "speed": "fast",
              "pass": true,
              "fail": false,
              "pending": false,
              "context": null,
              "code": "cy.get('#signupLastName').clear().type('Invalid@Name!');\ncy.contains('Register').click({\n  force: true\n});\ncy.contains('Last name is invalid').should('be.visible');\ncy.get('#signupLastName').should('have.css', 'border-color', 'rgb(220, 53, 69)');",
              "err": {},
              "uuid": "44ee2868-c847-4206-88ac-ec41dc857e32",
              "parentUUID": "248cb47f-f3b5-42e6-9876-d6142b34ec1f",
              "isHook": false,
              "skipped": false
            },
            {
              "title": "Should trim spaces in the Last name field",
              "fullTitle": "Registration Tests Should trim spaces in the Last name field",
              "timedOut": null,
              "duration": 5236,
              "state": "failed",
              "speed": null,
              "pass": false,
              "fail": true,
              "pending": false,
              "context": null,
              "code": "cy.get('#signupLastName').clear().type('  TestLastName  ');\ncy.get('#signupLastName').invoke('val').should('equal', 'TestLastName');",
              "err": {
                "message": "AssertionError: Timed out retrying after 4000ms: expected '  TestLastName  ' to equal 'TestLastName'",
                "estack": "AssertionError: Timed out retrying after 4000ms: expected '  TestLastName  ' to equal 'TestLastName'\n    at Context.eval (webpack:///./cypress/e2e/homeWork19/registration.cy.js:95:44)",
                "diff": "- '  TestLastName  '\n+ 'TestLastName'\n"
              },
              "uuid": "4145f4c6-fafe-4eca-bdf4-52fa06d6fb45",
              "parentUUID": "248cb47f-f3b5-42e6-9876-d6142b34ec1f",
              "isHook": false,
              "skipped": false
            },
            {
              "title": "Should show an error if Email is empty",
              "fullTitle": "Registration Tests Should show an error if Email is empty",
              "timedOut": null,
              "duration": 906,
              "state": "passed",
              "speed": "fast",
              "pass": true,
              "fail": false,
              "pending": false,
              "context": null,
              "code": "cy.get('#signupEmail').clear();\ncy.contains('Register').click({\n  force: true\n});\ncy.contains('Email required').should('be.visible');\ncy.get('#signupEmail').should('have.css', 'border-color', 'rgb(220, 53, 69)');",
              "err": {},
              "uuid": "2ad52448-e7d5-4bfb-ac5f-12855fbff2ad",
              "parentUUID": "248cb47f-f3b5-42e6-9876-d6142b34ec1f",
              "isHook": false,
              "skipped": false
            },
            {
              "title": "Should show an error if Email is incorrect (invalid format)",
              "fullTitle": "Registration Tests Should show an error if Email is incorrect (invalid format)",
              "timedOut": null,
              "duration": 1581,
              "state": "passed",
              "speed": "fast",
              "pass": true,
              "fail": false,
              "pending": false,
              "context": null,
              "code": "cy.get('#signupEmail').clear().type('invalid-email.com');\ncy.contains('Register').click({\n  force: true\n});\ncy.contains('Email is incorrect').should('be.visible');\ncy.get('#signupEmail').should('have.css', 'border-color', 'rgb(220, 53, 69)');",
              "err": {},
              "uuid": "1634d823-bc7d-4fbd-8858-0e63a1af94f8",
              "parentUUID": "248cb47f-f3b5-42e6-9876-d6142b34ec1f",
              "isHook": false,
              "skipped": false
            },
            {
              "title": "Should allow valid email",
              "fullTitle": "Registration Tests Should allow valid email",
              "timedOut": null,
              "duration": 1340,
              "state": "passed",
              "speed": "fast",
              "pass": true,
              "fail": false,
              "pending": false,
              "context": null,
              "code": "cy.get('#signupEmail').clear().type(email);\ncy.contains('Register').click({\n  force: true\n});\ncy.contains('Email required').should('not.exist');\ncy.contains('Email is incorrect').should('not.exist');\ncy.get('#signupEmail').should('not.have.css', 'border-color', 'rgb(220, 53, 69)');",
              "err": {},
              "uuid": "2a2fee4b-000d-4e79-a074-3e463c5d7ef7",
              "parentUUID": "248cb47f-f3b5-42e6-9876-d6142b34ec1f",
              "isHook": false,
              "skipped": false
            },
            {
              "title": "Should show an error if password is empty",
              "fullTitle": "Registration Tests Should show an error if password is empty",
              "timedOut": null,
              "duration": 896,
              "state": "passed",
              "speed": "fast",
              "pass": true,
              "fail": false,
              "pending": false,
              "context": null,
              "code": "cy.get('#signupPassword').clear();\ncy.contains('Register').click({\n  force: true\n});\ncy.contains('Password required').should('be.visible');\ncy.get('#signupPassword').should('have.css', 'border-color', 'rgb(220, 53, 69)');",
              "err": {},
              "uuid": "941676ee-1e57-4a1f-b0bf-e2f4fd28cb86",
              "parentUUID": "248cb47f-f3b5-42e6-9876-d6142b34ec1f",
              "isHook": false,
              "skipped": false
            },
            {
              "title": "Should show an error if password is too short",
              "fullTitle": "Registration Tests Should show an error if password is too short",
              "timedOut": null,
              "duration": 1002,
              "state": "passed",
              "speed": "fast",
              "pass": true,
              "fail": false,
              "pending": false,
              "context": null,
              "code": "cy.get('#signupPassword').clear().type(shortPassword);\ncy.contains('Register').click({\n  force: true\n});\ncy.contains('Password has to be from 8 to 15 characters long and contain at least one integer, one capital, and one small letter').should('be.visible');\ncy.get('#signupPassword').should('have.css', 'border-color', 'rgb(220, 53, 69)');",
              "err": {},
              "uuid": "03246248-e5a0-4c84-9be1-4d350dfbf259",
              "parentUUID": "248cb47f-f3b5-42e6-9876-d6142b34ec1f",
              "isHook": false,
              "skipped": false
            },
            {
              "title": "Should show an error if password does not contain a digit",
              "fullTitle": "Registration Tests Should show an error if password does not contain a digit",
              "timedOut": null,
              "duration": 1023,
              "state": "passed",
              "speed": "fast",
              "pass": true,
              "fail": false,
              "pending": false,
              "context": null,
              "code": "cy.get('#signupPassword').clear().type(noDigitPassword);\ncy.contains('Register').click({\n  force: true\n});\ncy.contains('Password has to be from 8 to 15 characters long and contain at least one integer, one capital, and one small letter').should('be.visible');\ncy.get('#signupPassword').should('have.css', 'border-color', 'rgb(220, 53, 69)');",
              "err": {},
              "uuid": "1390e08b-1128-4e9c-8891-569c89550e4a",
              "parentUUID": "248cb47f-f3b5-42e6-9876-d6142b34ec1f",
              "isHook": false,
              "skipped": false
            },
            {
              "title": "Should show an error if password does not contain an uppercase letter",
              "fullTitle": "Registration Tests Should show an error if password does not contain an uppercase letter",
              "timedOut": null,
              "duration": 1048,
              "state": "passed",
              "speed": "fast",
              "pass": true,
              "fail": false,
              "pending": false,
              "context": null,
              "code": "cy.get('#signupPassword').clear().type(noUpperCasePassword);\ncy.contains('Register').click({\n  force: true\n});\ncy.contains('Password has to be from 8 to 15 characters long and contain at least one integer, one capital, and one small letter').should('be.visible');\ncy.get('#signupPassword').should('have.css', 'border-color', 'rgb(220, 53, 69)');",
              "err": {},
              "uuid": "d0cadfe7-f5d9-425f-a528-91fa2da33699",
              "parentUUID": "248cb47f-f3b5-42e6-9876-d6142b34ec1f",
              "isHook": false,
              "skipped": false
            },
            {
              "title": "Should show an error if password does not contain a lowercase letter",
              "fullTitle": "Registration Tests Should show an error if password does not contain a lowercase letter",
              "timedOut": null,
              "duration": 1048,
              "state": "passed",
              "speed": "fast",
              "pass": true,
              "fail": false,
              "pending": false,
              "context": null,
              "code": "cy.get('#signupPassword').clear().type(noLowerCasePassword);\ncy.contains('Register').click({\n  force: true\n});\ncy.contains('Password has to be from 8 to 15 characters long and contain at least one integer, one capital, and one small letter').should('be.visible');\ncy.get('#signupPassword').should('have.css', 'border-color', 'rgb(220, 53, 69)');",
              "err": {},
              "uuid": "25f5725d-7d08-447c-8e4b-6b1b0ccc31cd",
              "parentUUID": "248cb47f-f3b5-42e6-9876-d6142b34ec1f",
              "isHook": false,
              "skipped": false
            },
            {
              "title": "Should show an error if password is too long",
              "fullTitle": "Registration Tests Should show an error if password is too long",
              "timedOut": null,
              "duration": 1194,
              "state": "passed",
              "speed": "fast",
              "pass": true,
              "fail": false,
              "pending": false,
              "context": null,
              "code": "cy.get('#signupPassword').clear().type(longPassword);\ncy.contains('Register').click({\n  force: true\n});\ncy.contains('Password has to be from 8 to 15 characters long and contain at least one integer, one capital, and one small letter').should('be.visible');\ncy.get('#signupPassword').should('have.css', 'border-color', 'rgb(220, 53, 69)');",
              "err": {},
              "uuid": "8953f7a1-a3dd-4d60-9349-91a4005a599e",
              "parentUUID": "248cb47f-f3b5-42e6-9876-d6142b34ec1f",
              "isHook": false,
              "skipped": false
            },
            {
              "title": "Should register successfully with a valid password",
              "fullTitle": "Registration Tests Should register successfully with a valid password",
              "timedOut": null,
              "duration": 1074,
              "state": "passed",
              "speed": "fast",
              "pass": true,
              "fail": false,
              "pending": false,
              "context": null,
              "code": "cy.get('#signupPassword').clear().type(validPassword);\ncy.contains('Register').click({\n  force: true\n});",
              "err": {},
              "uuid": "7a632ffd-a88e-4c1f-adc2-e6e2aa356f93",
              "parentUUID": "248cb47f-f3b5-42e6-9876-d6142b34ec1f",
              "isHook": false,
              "skipped": false
            },
            {
              "title": "Should show error if passwords do not match",
              "fullTitle": "Registration Tests Should show error if passwords do not match",
              "timedOut": null,
              "duration": 1093,
              "state": "passed",
              "speed": "fast",
              "pass": true,
              "fail": false,
              "pending": false,
              "context": null,
              "code": "cy.get('#signupRepeatPassword').type('DifferentPassword');\ncy.get('button[type=\"button\"]').should('be.disabled');\ncy.contains('Register').click({\n  force: true\n});\ncy.contains('Register').should('be.disabled');",
              "err": {},
              "uuid": "abb8c8c3-8acf-45f2-8df3-387ed7417238",
              "parentUUID": "248cb47f-f3b5-42e6-9876-d6142b34ec1f",
              "isHook": false,
              "skipped": false
            },
            {
              "title": "Should show error if Re-enter password is empty",
              "fullTitle": "Registration Tests Should show error if Re-enter password is empty",
              "timedOut": null,
              "duration": 1006,
              "state": "passed",
              "speed": "fast",
              "pass": true,
              "fail": false,
              "pending": false,
              "context": null,
              "code": "cy.get('#signupRepeatPassword').clear();\ncy.get('button[type=\"button\"]').should('be.disabled');\ncy.contains('Register').click({\n  force: true\n});\ncy.contains('Re-enter password required').should('be.visible');\ncy.get('#signupRepeatPassword').should('have.css', 'border-color', 'rgb(220, 53, 69)');",
              "err": {},
              "uuid": "83591103-c534-4055-bfa4-ca40672c5fbe",
              "parentUUID": "248cb47f-f3b5-42e6-9876-d6142b34ec1f",
              "isHook": false,
              "skipped": false
            },
            {
              "title": "Should enable the Register button when all fields are valid",
              "fullTitle": "Registration Tests Should enable the Register button when all fields are valid",
              "timedOut": null,
              "duration": 2162,
              "state": "passed",
              "speed": "fast",
              "pass": true,
              "fail": false,
              "pending": false,
              "context": null,
              "code": "cy.get('#signupName').type('TestName');\ncy.get('#signupLastName').type('TestLastName');\ncy.get('#signupEmail').type(email);\ncy.get('#signupPassword').type(password);\ncy.get('#signupRepeatPassword').type(password);\ncy.get('button[type=\"button\"]').should('not.be.disabled');\ncy.contains('Register').click();",
              "err": {},
              "uuid": "1823cd8b-d018-41d0-8d6b-bb89d971f9e4",
              "parentUUID": "248cb47f-f3b5-42e6-9876-d6142b34ec1f",
              "isHook": false,
              "skipped": false
            }
          ],
          "suites": [],
          "passes": [
            "9372c97e-9348-4469-bdc3-11a75d7333af",
            "d0219562-9d47-4e15-b072-892e83fc60a5",
            "dae5c9e7-ef27-4801-972a-e2881fdb8cea",
            "eb48d3a6-aaf4-4376-894e-13336f581229",
            "3934f6dd-9948-4d12-af2d-1620812bc5e9",
            "0293db4c-57d5-44fe-840a-737e18e328db",
            "e5bbb330-4f53-4647-aa10-831e0ab8b45c",
            "44ee2868-c847-4206-88ac-ec41dc857e32",
            "2ad52448-e7d5-4bfb-ac5f-12855fbff2ad",
            "1634d823-bc7d-4fbd-8858-0e63a1af94f8",
            "2a2fee4b-000d-4e79-a074-3e463c5d7ef7",
            "941676ee-1e57-4a1f-b0bf-e2f4fd28cb86",
            "03246248-e5a0-4c84-9be1-4d350dfbf259",
            "1390e08b-1128-4e9c-8891-569c89550e4a",
            "d0cadfe7-f5d9-425f-a528-91fa2da33699",
            "25f5725d-7d08-447c-8e4b-6b1b0ccc31cd",
            "8953f7a1-a3dd-4d60-9349-91a4005a599e",
            "7a632ffd-a88e-4c1f-adc2-e6e2aa356f93",
            "abb8c8c3-8acf-45f2-8df3-387ed7417238",
            "83591103-c534-4055-bfa4-ca40672c5fbe",
            "1823cd8b-d018-41d0-8d6b-bb89d971f9e4"
          ],
          "failures": [
            "49b9fff5-4136-4fa9-983e-b249db45a6bf",
            "4145f4c6-fafe-4eca-bdf4-52fa06d6fb45"
          ],
          "pending": [],
          "skipped": [],
          "duration": 37758,
          "root": false,
          "rootEmpty": false,
          "_timeout": 2000
        }
      ],
      "passes": [],
      "failures": [],
      "pending": [],
      "skipped": [],
      "duration": 0,
      "root": true,
      "rootEmpty": true,
      "_timeout": 2000
    }
  ],
  "meta": {
    "mocha": {
      "version": "7.0.1"
    },
    "mochawesome": {
      "options": {
        "quiet": false,
        "reportFilename": "mochawesome",
        "saveHtml": false,
        "saveJson": true,
        "consoleReporter": "spec",
        "useInlineDiffs": false,
        "code": true
      },
      "version": "7.1.3"
    },
    "marge": {
      "options": {
        "reportDir": "cypress/results",
        "overwrite": true,
        "html": false,
        "json": true
      },
      "version": "6.2.0"
    }
  }
}